1607773597649	mozrunner::runner	INFO	Running command: "C:\\Program Files\\Mozilla Firefox\\firefox.exe" "-marionette" "-foreground" "-no-remote" "-profile" "C:\\Users\\d4an\\AppData\\Local\\Temp\\rust_mozprofileJj70Sg"
JavaScript error: resource://gre/modules/XULStore.jsm, line 66: Error: Can't find profile directory.
1607773602126	Marionette	INFO	Listening on port 51457
1607773602495	Marionette	WARN	TLS certificate errors will be ignored for this session
console.warn: LoginRecipes: "getRecipes: falling back to a synchronous message for:" "https://kody.energa.blue.pl"
console.error: "Store does not have a valid reducer. Make sure the argument passed to combineReducers is an object whose values are reducers."
console.warn: LoginRecipes: "getRecipes: falling back to a synchronous message for:" "https://kody.energa.blue.pl"
console.warn: "Got an unexpected frameLoad in the inspector, please file a bug on bugzilla.mozilla.org!"
console.trace: 
resource://devtools/client/fronts/walker.js 350 getMutations
console.warn: "Got an unexpected frameLoad in the inspector, please file a bug on bugzilla.mozilla.org!"
console.trace: 
resource://devtools/client/fronts/walker.js 350 getMutations
console.warn: "Got an unexpected frameLoad in the inspector, please file a bug on bugzilla.mozilla.org!"
console.trace: 
resource://devtools/client/fronts/walker.js 350 getMutations
1607774949884	Marionette	WARN	TimedPromise timed out after 500 ms: stacktrace:
TimedPromise/<@chrome://marionette/content/sync.js:245:13
TimedPromise@chrome://marionette/content/sync.js:230:10
interaction.flushEventLoop@chrome://marionette/content/interaction.js:416:10
webdriverClickElement@chrome://marionette/content/interaction.js:182:31
1607774978509	Marionette	WARN	TimedPromise timed out after 500 ms: stacktrace:
TimedPromise/<@chrome://marionette/content/sync.js:245:13
TimedPromise@chrome://marionette/content/sync.js:230:10
interaction.flushEventLoop@chrome://marionette/content/interaction.js:416:10
webdriverClickElement@chrome://marionette/content/interaction.js:182:31
1607775229467	Marionette	INFO	Stopped listening on port 51457

###!!! [Child][RunMessage] Error: Channel closing: too late to send/recv, messages will be lost


###!!! [Child][MessageChannel::SendAndWait] Error: Channel error: cannot send/recv

